This is pdfTeX, Version 3.14159265-2.6-1.40.21 (TeX Live 2020/W32TeX) (preloaded format=pdflatex 2020.8.5)  11 MAR 2022 15:03
entering extended mode
 restricted \write18 enabled.
 %&-line parsing enabled.
**Presentación-Eventos.tex
(./Presentación-Eventos.tex
LaTeX2e <2020-02-02> patch level 5
L3 programming layer <2020-07-17>

! LaTeX Error: File `beamer.cls' not found.

Type X to quit or <RETURN> to proceed,
or enter new name. (Default extension: cls)

Enter file name: 
! Emergency stop.
<read *> 
         
l.8 \title
          {Presentación}^^M 
Here is how much of TeX's memory you used:
 24 strings out of 482854
 535 string characters out of 5954404
 237474 words of memory out of 5000000
 15468 multiletter control sequences out of 15000+600000
 535088 words of font info for 29 fonts, out of 8000000 for 9000
 14 hyphenation exceptions out of 8191
 20i,0n,25p,96b,10s stack positions out of 5000i,500n,10000p,200000b,80000s

!  ==> Fatal error occurred, no output PDF file produced!
